<?xml version="1.0" encoding="UTF-8"?>
<persistence version="2.0" xmlns="http://java.sun.com/xml/ns/persistence" xmlns:xsi="http://www.w3.org/2001/XMLSchema-instance" xsi:schemaLocation="http://java.sun.com/xml/ns/persistence http://java.sun.com/xml/ns/persistence/persistence_2_0.xsd">
    <persistence-unit name="javacountdownPU" transaction-type="JTA">
        <provider>org.eclipse.persistence.jpa.PersistenceProvider</provider>
        <jta-data-source>jdbc/javacountdown</jta-data-source>
        <exclude-unlisted-classes>false</exclude-unlisted-classes>
        <properties>
            <property name="eclipselink.target-database" value="Derby"/>
            <property name="eclipselink.cache.shared.default" value="false"/>
            <property name="eclipselink.logging.level" value="ALL"/>
            <property name="eclipselink.logging.level.sql" value="ALL"/>
            <property name="eclipselink.logging.level.cache" value="ALL"/>
            <!--   <property name="eclipselink.ddl-generation" value="drop-and-create-tables"/>
            <property name="eclipselink.create-ddl-jdbc-file-name" value="createDDL_ddlGeneration.jdbc"/>
            <property name="eclipselink.drop-ddl-jdbc-file-name" value="dropDDL_ddlGeneration.jdbc"/>
            <property name="eclipselink.ddl-generation.output-mode" value="sql-script"/>
            <property name="eclipselink.application-location" value="./target/generated-sources" />
            -->
        </properties>
    </persistence-unit>
</persistence>
